<?xml version="1.0" encoding="UTF-8"?>
<testng-results ignored="0" total="2" passed="2" failed="0" skipped="0">
  <reporter-output>
  </reporter-output>
  <suite started-at="2019-10-26T03:42:26Z" name="Suite" finished-at="2019-10-26T03:43:14Z" duration-ms="47909">
    <groups>
    </groups>
    <test started-at="2019-10-26T03:42:26Z" name="Test2" finished-at="2019-10-26T03:43:14Z" duration-ms="47909">
      <class name="tests.test">
        <test-method is-config="true" signature="beforeTest(java.lang.String, java.lang.String, java.lang.String)[pri:0, instance:tests.test@1fb700ee]" started-at="2019-10-26T03:42:26Z" name="beforeTest" finished-at="2019-10-26T03:43:01Z" duration-ms="35211" status="PASS">
          <params>
            <param index="0">
              <value>
                <![CDATA[LCL7N18A19007855]]>
              </value>
            </param>
            <param index="1">
              <value>
                <![CDATA[9]]>
              </value>
            </param>
            <param index="2">
              <value>
                <![CDATA[8201]]>
              </value>
            </param>
          </params>
          <reporter-output>
          </reporter-output>
        </test-method> <!-- beforeTest -->
        <test-method signature="testTriangulos(java.lang.String, java.lang.String, java.lang.String, java.lang.reflect.Method)[pri:0, instance:tests.test@1fb700ee]" started-at="2019-10-26T03:43:03Z" name="testTriangulos" data-provider="dataTestTriangulo" finished-at="2019-10-26T03:43:13Z" duration-ms="10697" status="PASS">
          <params>
            <param index="0">
              <value>
                <![CDATA[2]]>
              </value>
            </param>
            <param index="1">
              <value>
                <![CDATA[2]]>
              </value>
            </param>
            <param index="2">
              <value>
                <![CDATA[2]]>
              </value>
            </param>
            <param index="3">
              <value>
                <![CDATA[public void tests.test.testTriangulos(java.lang.String,java.lang.String,java.lang.String,java.lang.reflect.Method) throws java.lang.Exception]]>
              </value>
            </param>
          </params>
          <reporter-output>
          </reporter-output>
        </test-method> <!-- testTriangulos -->
        <test-method is-config="true" signature="finish()[pri:0, instance:tests.test@1fb700ee]" started-at="2019-10-26T03:43:14Z" name="finish" finished-at="2019-10-26T03:43:16Z" duration-ms="2078" status="PASS">
          <reporter-output>
          </reporter-output>
        </test-method> <!-- finish -->
      </class> <!-- tests.test -->
    </test> <!-- Test2 -->
    <test started-at="2019-10-26T03:42:26Z" name="Test1" finished-at="2019-10-26T03:43:14Z" duration-ms="47797">
      <class name="tests.test">
        <test-method is-config="true" signature="beforeTest(java.lang.String, java.lang.String, java.lang.String)[pri:0, instance:tests.test@3571b748]" started-at="2019-10-26T03:42:26Z" name="beforeTest" finished-at="2019-10-26T03:43:01Z" duration-ms="35211" status="PASS">
          <params>
            <param index="0">
              <value>
                <![CDATA[BH904PF85K]]>
              </value>
            </param>
            <param index="1">
              <value>
                <![CDATA[8.0.0]]>
              </value>
            </param>
            <param index="2">
              <value>
                <![CDATA[8200]]>
              </value>
            </param>
          </params>
          <reporter-output>
          </reporter-output>
        </test-method> <!-- beforeTest -->
        <test-method signature="testTriangulos(java.lang.String, java.lang.String, java.lang.String, java.lang.reflect.Method)[pri:0, instance:tests.test@3571b748]" started-at="2019-10-26T03:43:03Z" name="testTriangulos" data-provider="dataTestTriangulo" finished-at="2019-10-26T03:43:13Z" duration-ms="10684" status="PASS">
          <params>
            <param index="0">
              <value>
                <![CDATA[2]]>
              </value>
            </param>
            <param index="1">
              <value>
                <![CDATA[2]]>
              </value>
            </param>
            <param index="2">
              <value>
                <![CDATA[2]]>
              </value>
            </param>
            <param index="3">
              <value>
                <![CDATA[public void tests.test.testTriangulos(java.lang.String,java.lang.String,java.lang.String,java.lang.reflect.Method) throws java.lang.Exception]]>
              </value>
            </param>
          </params>
          <reporter-output>
          </reporter-output>
        </test-method> <!-- testTriangulos -->
      </class> <!-- tests.test -->
    </test> <!-- Test1 -->
  </suite> <!-- Suite -->
</testng-results>
